{"/Users/jinweiqiang/coding/coding-playground/0-fe-solution/src/quality/fe-test/jest/src/async/index.js": {"path":"/Users/jinweiqiang/coding/coding-playground/0-fe-solution/src/quality/fe-test/jest/src/async/index.js","statementMap":{"0":{"start":{"line":2,"column":2},"end":{"line":13,"column":4}},"1":{"start":{"line":3,"column":4},"end":{"line":12,"column":5}},"2":{"start":{"line":4,"column":6},"end":{"line":9,"column":13}},"3":{"start":{"line":5,"column":8},"end":{"line":8,"column":10}},"4":{"start":{"line":11,"column":6},"end":{"line":11,"column":20}}},"fnMap":{"0":{"name":"getUserInfo","decl":{"start":{"line":1,"column":24},"end":{"line":1,"column":35}},"loc":{"start":{"line":1,"column":44},"end":{"line":14,"column":1}},"line":1},"1":{"name":"(anonymous_1)","decl":{"start":{"line":2,"column":21},"end":{"line":2,"column":22}},"loc":{"start":{"line":2,"column":42},"end":{"line":13,"column":3}},"line":2},"2":{"name":"(anonymous_2)","decl":{"start":{"line":4,"column":17},"end":{"line":4,"column":18}},"loc":{"start":{"line":4,"column":23},"end":{"line":9,"column":7}},"line":4}},"branchMap":{"0":{"loc":{"start":{"line":3,"column":4},"end":{"line":12,"column":5}},"type":"if","locations":[{"start":{"line":3,"column":4},"end":{"line":12,"column":5}},{"start":{"line":3,"column":4},"end":{"line":12,"column":5}}],"line":3}},"s":{"0":2,"1":2,"2":1,"3":1,"4":1},"f":{"0":2,"1":2,"2":1},"b":{"0":[1,1]},"_coverageSchema":"43e27e138ebf9cfc5966b082cf9a028302ed4184","hash":"ae2eff48f84e5c25de54d25be768f96ece242bd8"}
,"/Users/jinweiqiang/coding/coding-playground/0-fe-solution/src/quality/fe-test/jest/src/callback/index.js": {"path":"/Users/jinweiqiang/coding/coding-playground/0-fe-solution/src/quality/fe-test/jest/src/callback/index.js","statementMap":{"0":{"start":{"line":2,"column":2},"end":{"line":4,"column":3}},"1":{"start":{"line":2,"column":14},"end":{"line":2,"column":15}},"2":{"start":{"line":3,"column":4},"end":{"line":3,"column":17}}},"fnMap":{"0":{"name":"(anonymous_0)","decl":{"start":{"line":1,"column":15},"end":{"line":1,"column":16}},"loc":{"start":{"line":1,"column":46},"end":{"line":5,"column":1}},"line":1}},"branchMap":{},"s":{"0":6,"1":6,"2":9},"f":{"0":6},"b":{},"_coverageSchema":"43e27e138ebf9cfc5966b082cf9a028302ed4184","hash":"706302521801d6072b432980c92f4e486b7c199e"}
,"/Users/jinweiqiang/coding/coding-playground/0-fe-solution/src/quality/fe-test/jest/src/hello-world/index.js": {"path":"/Users/jinweiqiang/coding/coding-playground/0-fe-solution/src/quality/fe-test/jest/src/hello-world/index.js","statementMap":{"0":{"start":{"line":2,"column":2},"end":{"line":4,"column":3}},"1":{"start":{"line":3,"column":4},"end":{"line":3,"column":19}},"2":{"start":{"line":5,"column":2},"end":{"line":5,"column":14}}},"fnMap":{"0":{"name":"sum","decl":{"start":{"line":1,"column":9},"end":{"line":1,"column":12}},"loc":{"start":{"line":1,"column":19},"end":{"line":6,"column":1}},"line":1}},"branchMap":{"0":{"loc":{"start":{"line":2,"column":2},"end":{"line":4,"column":3}},"type":"if","locations":[{"start":{"line":2,"column":2},"end":{"line":4,"column":3}},{"start":{"line":2,"column":2},"end":{"line":4,"column":3}}],"line":2},"1":{"loc":{"start":{"line":2,"column":5},"end":{"line":2,"column":53}},"type":"binary-expr","locations":[{"start":{"line":2,"column":5},"end":{"line":2,"column":27}},{"start":{"line":2,"column":31},"end":{"line":2,"column":53}}],"line":2}},"s":{"0":5,"1":1,"2":4},"f":{"0":5},"b":{"0":[1,4],"1":[5,4]},"_coverageSchema":"43e27e138ebf9cfc5966b082cf9a028302ed4184","hash":"850423068469cf8ceffe5f7e587a2dcfdbfaa9f8"}
,"/Users/jinweiqiang/coding/coding-playground/0-fe-solution/src/quality/fe-test/jest/src/mock/index.js": {"path":"/Users/jinweiqiang/coding/coding-playground/0-fe-solution/src/quality/fe-test/jest/src/mock/index.js","statementMap":{"0":{"start":{"line":4,"column":24},"end":{"line":11,"column":1}},"1":{"start":{"line":5,"column":2},"end":{"line":10,"column":4}},"2":{"start":{"line":7,"column":4},"end":{"line":9,"column":6}},"3":{"start":{"line":8,"column":6},"end":{"line":8,"column":22}},"4":{"start":{"line":13,"column":25},"end":{"line":19,"column":1}},"5":{"start":{"line":14,"column":2},"end":{"line":18,"column":4}},"6":{"start":{"line":15,"column":4},"end":{"line":17,"column":6}},"7":{"start":{"line":16,"column":6},"end":{"line":16,"column":22}},"8":{"start":{"line":21,"column":22},"end":{"line":21,"column":29}}},"fnMap":{"0":{"name":"(anonymous_0)","decl":{"start":{"line":4,"column":24},"end":{"line":4,"column":25}},"loc":{"start":{"line":4,"column":30},"end":{"line":11,"column":1}},"line":4},"1":{"name":"(anonymous_1)","decl":{"start":{"line":5,"column":21},"end":{"line":5,"column":22}},"loc":{"start":{"line":5,"column":32},"end":{"line":10,"column":3}},"line":5},"2":{"name":"(anonymous_2)","decl":{"start":{"line":7,"column":62},"end":{"line":7,"column":63}},"loc":{"start":{"line":7,"column":85},"end":{"line":9,"column":5}},"line":7},"3":{"name":"(anonymous_3)","decl":{"start":{"line":13,"column":25},"end":{"line":13,"column":26}},"loc":{"start":{"line":13,"column":31},"end":{"line":19,"column":1}},"line":13},"4":{"name":"(anonymous_4)","decl":{"start":{"line":14,"column":21},"end":{"line":14,"column":22}},"loc":{"start":{"line":14,"column":32},"end":{"line":18,"column":3}},"line":14},"5":{"name":"(anonymous_5)","decl":{"start":{"line":15,"column":63},"end":{"line":15,"column":64}},"loc":{"start":{"line":15,"column":86},"end":{"line":17,"column":5}},"line":15}},"branchMap":{},"s":{"0":1,"1":2,"2":2,"3":2,"4":1,"5":1,"6":1,"7":1,"8":1},"f":{"0":2,"1":2,"2":2,"3":1,"4":1,"5":1},"b":{},"_coverageSchema":"43e27e138ebf9cfc5966b082cf9a028302ed4184","hash":"3cb8d26013a59063be9f289596e4d084c57fab79"}
,"/Users/jinweiqiang/coding/coding-playground/0-fe-solution/src/quality/fe-test/jest/src/mock/utils.js": {"path":"/Users/jinweiqiang/coding/coding-playground/0-fe-solution/src/quality/fe-test/jest/src/mock/utils.js","statementMap":{"0":{"start":{"line":1,"column":22},"end":{"line":1,"column":33}},"1":{"start":{"line":1,"column":28},"end":{"line":1,"column":33}}},"fnMap":{"0":{"name":"(anonymous_0)","decl":{"start":{"line":1,"column":22},"end":{"line":1,"column":23}},"loc":{"start":{"line":1,"column":28},"end":{"line":1,"column":33}},"line":1}},"branchMap":{},"s":{"0":1,"1":0},"f":{"0":0},"b":{},"_coverageSchema":"43e27e138ebf9cfc5966b082cf9a028302ed4184","hash":"007960f0d490c9a19662ce53a84633f557821ffd"}
}
