TN:
SF:/Users/jinweiqiang/coding/coding-playground/0-fe-solution/src/quality/fe-test/jest/src/async/index.js
FN:1,getUserInfo
FN:2,(anonymous_1)
FN:4,(anonymous_2)
FNF:3
FNH:3
FNDA:2,getUserInfo
FNDA:2,(anonymous_1)
FNDA:1,(anonymous_2)
DA:2,2
DA:3,2
DA:4,1
DA:5,1
DA:11,1
LF:5
LH:5
BRDA:3,0,0,1
BRDA:3,0,1,1
BRF:2
BRH:2
end_of_record
TN:
SF:/Users/jinweiqiang/coding/coding-playground/0-fe-solution/src/quality/fe-test/jest/src/callback/index.js
FN:1,(anonymous_0)
FNF:1
FNH:1
FNDA:6,(anonymous_0)
DA:2,6
DA:3,9
LF:2
LH:2
BRF:0
BRH:0
end_of_record
TN:
SF:/Users/jinweiqiang/coding/coding-playground/0-fe-solution/src/quality/fe-test/jest/src/hello-world/index.js
FN:1,sum
FNF:1
FNH:1
FNDA:5,sum
DA:2,5
DA:3,1
DA:5,4
LF:3
LH:3
BRDA:2,0,0,1
BRDA:2,0,1,4
BRDA:2,1,0,5
BRDA:2,1,1,4
BRF:4
BRH:4
end_of_record
TN:
SF:/Users/jinweiqiang/coding/coding-playground/0-fe-solution/src/quality/fe-test/jest/src/mock/index.js
FN:4,(anonymous_0)
FN:5,(anonymous_1)
FN:7,(anonymous_2)
FN:13,(anonymous_3)
FN:14,(anonymous_4)
FN:15,(anonymous_5)
FNF:6
FNH:6
FNDA:2,(anonymous_0)
FNDA:2,(anonymous_1)
FNDA:2,(anonymous_2)
FNDA:1,(anonymous_3)
FNDA:1,(anonymous_4)
FNDA:1,(anonymous_5)
DA:4,1
DA:5,2
DA:7,2
DA:8,2
DA:13,1
DA:14,1
DA:15,1
DA:16,1
DA:21,1
LF:9
LH:9
BRF:0
BRH:0
end_of_record
TN:
SF:/Users/jinweiqiang/coding/coding-playground/0-fe-solution/src/quality/fe-test/jest/src/mock/utils.js
FN:1,(anonymous_0)
FNF:1
FNH:0
FNDA:0,(anonymous_0)
DA:1,1
LF:1
LH:1
BRF:0
BRH:0
end_of_record
